 * Running on http://0.0.0.0:5000/ (Press CTRL+C to quit)
10.160.67.131 - - [28/Aug/2017 14:55:57] "GET /project?name=SmartAgroVisualizationTool&lgip=10.160.67.204&serverip=10.160.67.131 HTTP/1.1" 200 -
2017-08-28T14:55:57.281+0200 I CONTROL  [initandlisten] MongoDB starting : pid=1956 port=27017 dbpath=/home/lg/Desktop/lglab/gsoc17/SmartAgroVisualizationTool/sensor-api/data/db/ 64-bit host=lg-server-out
2017-08-28T14:55:57.281+0200 I CONTROL  [initandlisten] db version v3.4.7
2017-08-28T14:55:57.281+0200 I CONTROL  [initandlisten] git version: cf38c1b8a0a8dca4a11737581beafef4fe120bcd
2017-08-28T14:55:57.281+0200 I CONTROL  [initandlisten] OpenSSL version: OpenSSL 1.0.2g  1 Mar 2016
2017-08-28T14:55:57.281+0200 I CONTROL  [initandlisten] allocator: tcmalloc
2017-08-28T14:55:57.281+0200 I CONTROL  [initandlisten] modules: none
2017-08-28T14:55:57.281+0200 I CONTROL  [initandlisten] build environment:
2017-08-28T14:55:57.282+0200 I CONTROL  [initandlisten]     distmod: ubuntu1604
2017-08-28T14:55:57.282+0200 I CONTROL  [initandlisten]     distarch: x86_64
2017-08-28T14:55:57.282+0200 I CONTROL  [initandlisten]     target_arch: x86_64
2017-08-28T14:55:57.282+0200 I CONTROL  [initandlisten] options: { storage: { dbPath: "/home/lg/Desktop/lglab/gsoc17/SmartAgroVisualizationTool/sensor-api/data/db/" } }
2017-08-28T14:55:57.322+0200 I -        [initandlisten] Detected data files in /home/lg/Desktop/lglab/gsoc17/SmartAgroVisualizationTool/sensor-api/data/db/ created by the 'wiredTiger' storage engine, so setting the active storage engine to 'wiredTiger'.
2017-08-28T14:55:57.322+0200 I STORAGE  [initandlisten] 
2017-08-28T14:55:57.322+0200 I STORAGE  [initandlisten] ** WARNING: Using the XFS filesystem is strongly recommended with the WiredTiger storage engine
2017-08-28T14:55:57.322+0200 I STORAGE  [initandlisten] **          See http://dochub.mongodb.org/core/prodnotes-filesystem
2017-08-28T14:55:57.322+0200 I STORAGE  [initandlisten] wiredtiger_open config: create,cache_size=1401M,session_max=20000,eviction=(threads_min=4,threads_max=4),config_base=false,statistics=(fast),log=(enabled=true,archive=true,path=journal,compressor=snappy),file_manager=(close_idle_time=100000),checkpoint=(wait=60,log_size=2GB),statistics_log=(wait=0),
10.160.67.15 - - [28/Aug/2017 14:55:57] "GET /logos/Layout.kml?a=1503924956806 HTTP/1.1" 200 -
10.160.67.15 - - [28/Aug/2017 14:55:57] "GET /logos/propis_SmartAgroVisualizationTool.png?a=1503924956806 HTTP/1.1" 200 -
10.160.67.15 - - [28/Aug/2017 14:55:57] "GET /logos/SmartAgroVisualizationTool.png?a=1503924956806 HTTP/1.1" 200 -
10.160.67.15 - - [28/Aug/2017 14:55:57] "GET /logos/comuns.png?a=1503924956806 HTTP/1.1" 200 -
2017-08-28T14:55:57.862+0200 I CONTROL  [initandlisten] 
2017-08-28T14:55:57.862+0200 I CONTROL  [initandlisten] ** WARNING: Access control is not enabled for the database.
2017-08-28T14:55:57.862+0200 I CONTROL  [initandlisten] **          Read and write access to data and configuration is unrestricted.
2017-08-28T14:55:57.862+0200 I CONTROL  [initandlisten] 
2017-08-28T14:55:57.862+0200 I CONTROL  [initandlisten] 
2017-08-28T14:55:57.862+0200 I CONTROL  [initandlisten] ** WARNING: /sys/kernel/mm/transparent_hugepage/enabled is 'always'.
2017-08-28T14:55:57.862+0200 I CONTROL  [initandlisten] **        We suggest setting it to 'never'
2017-08-28T14:55:57.862+0200 I CONTROL  [initandlisten] 
2017-08-28T14:55:57.885+0200 I FTDC     [initandlisten] Initializing full-time diagnostic data capture with directory '/home/lg/Desktop/lglab/gsoc17/SmartAgroVisualizationTool/sensor-api/data/db/diagnostic.data'
2017-08-28T14:55:57.885+0200 I NETWORK  [thread1] waiting for connections on port 27017

> kml-server@1.0.0 start /home/lg/Desktop/lglab/gsoc17/SmartAgroVisualizationTool/kml-server
> node ./bin/www "10.160.67.204"


> application-name@0.0.1 start /home/lg/Desktop/lglab/gsoc17/SmartAgroVisualizationTool/sensor-api
> node ./bin/www


> savt-dashboard@1.0.0 prestart /home/lg/Desktop/lglab/gsoc17/SAVT-Dashboard
> npm run build

Liquid Galaxy IP:  10.160.67.204
App running on port: 3003

> savt-dashboard@1.0.0 build /home/lg/Desktop/lglab/gsoc17/SAVT-Dashboard
> tsc -p src/

(node:2030) DeprecationWarning: `open()` is deprecated in mongoose >= 4.11.0, use `openUri()` instead, or set the `useMongoClient` option if using `connect()` or `createConnection()`. See http://mongoosejs.com/docs/connections.html#use-mongo-client
2017-08-28T14:55:59.927+0200 I NETWORK  [thread1] connection accepted from 127.0.0.1:36596 #1 (1 connection now open)
2017-08-28T14:55:59.938+0200 I NETWORK  [conn1] received client metadata from 127.0.0.1:36596 conn1: { driver: { name: "nodejs", version: "2.2.31" }, os: { type: "Linux", name: "linux", architecture: "x64", version: "4.10.0-32-generic" }, platform: "Node.js v8.2.1, LE, mongodb-core: 2.1.15" }
connection succesful
2017-08-28T14:55:59.962+0200 I NETWORK  [thread1] connection accepted from 127.0.0.1:36598 #2 (2 connections now open)
2017-08-28T14:55:59.965+0200 I NETWORK  [thread1] connection accepted from 127.0.0.1:36600 #3 (3 connections now open)
2017-08-28T14:55:59.968+0200 I NETWORK  [thread1] connection accepted from 127.0.0.1:36602 #4 (4 connections now open)

> savt-dashboard@1.0.0 start /home/lg/Desktop/lglab/gsoc17/SAVT-Dashboard
> concurrently "npm run build:watch" "npm run serve"

[1] 
[1] > savt-dashboard@1.0.0 serve /home/lg/Desktop/lglab/gsoc17/SAVT-Dashboard
[1] > lite-server -c=bs-config.json
[1] 
[0] 
[0] > savt-dashboard@1.0.0 build:watch /home/lg/Desktop/lglab/gsoc17/SAVT-Dashboard
[0] > tsc -p src/ -w
[0] 
[1] ** browser-sync config **
[1] { injectChanges: false,
[1]   files: [ './**/*.{html,htm,css,js}' ],
[1]   watchOptions: { ignored: 'node_modules' },
[1]   server: 
[1]    { baseDir: 'src',
[1]      middleware: [ [Function], [Function] ],
[1]      routes: { '/node_modules': 'node_modules' } },
[1]   port: 3001,
[1]   open: false }
[1] [Browsersync] Access URLs:
[1]  --------------------------------------
[1]        Local: http://localhost:3001
[1]     External: http://10.160.67.131:3001
[1]  --------------------------------------
[1]           UI: http://localhost:3004
[1]  UI External: http://10.160.67.131:3004
[1]  --------------------------------------
[1] [Browsersync] Serving files from: src
[1] [Browsersync] Watching files...
[1] [Browsersync] Reloading Browsers...
[1] [Browsersync] Reloading Browsers...
[1] [Browsersync] Reloading Browsers...
[1] [Browsersync] Reloading Browsers...
[1] [Browsersync] Reloading Browsers...
[1] [Browsersync] Reloading Browsers...
[1] [Browsersync] Reloading Browsers...
[1] [Browsersync] Reloading Browsers...
[1] [Browsersync] Reloading Browsers...
[1] [Browsersync] Reloading Browsers...
[1] [Browsersync] Reloading Browsers...
[1] [Browsersync] Reloading Browsers...
[1] [Browsersync] Reloading Browsers...
[1] [Browsersync] Reloading Browsers...
[1] [Browsersync] Reloading Browsers...
[1] [Browsersync] Reloading Browsers...
[1] [Browsersync] Reloading Browsers...
[1] [Browsersync] Reloading Browsers...
[1] [Browsersync] Reloading Browsers...
[1] [Browsersync] Reloading Browsers...
[1] [Browsersync] Reloading Browsers...
[1] [Browsersync] Reloading Browsers...
[1] [Browsersync] Reloading Browsers...
[1] [Browsersync] Reloading Browsers...
[1] [Browsersync] Reloading Browsers...
[1] [Browsersync] Reloading Browsers...
[1] [Browsersync] Reloading Browsers...
[1] [Browsersync] Reloading Browsers...
[1] [Browsersync] Reloading Browsers...
[1] [Browsersync] Reloading Browsers...
[1] [Browsersync] Reloading Browsers...
[1] [Browsersync] Reloading Browsers...
[1] [Browsersync] Reloading Browsers...
[1] [Browsersync] Reloading Browsers...
[1] [Browsersync] Reloading Browsers...
[1] [Browsersync] Reloading Browsers...
[1] [Browsersync] Reloading Browsers...
[1] [Browsersync] Reloading Browsers...
[1] [Browsersync] Reloading Browsers...
[1] [Browsersync] Reloading Browsers...
[1] [Browsersync] Reloading Browsers...
[1] [Browsersync] Reloading Browsers...
[1] [Browsersync] Reloading Browsers...
[1] [Browsersync] Reloading Browsers...
[1] [Browsersync] Reloading Browsers...
[1] [Browsersync] Reloading Browsers...
[1] [Browsersync] Reloading Browsers...
[1] [Browsersync] Reloading Browsers...
[1] [Browsersync] Reloading Browsers...
[1] [Browsersync] Reloading Browsers...
[1] [Browsersync] Reloading Browsers...
[1] [Browsersync] Reloading Browsers...
[1] [Browsersync] Reloading Browsers...
[0] 14:56:16 - Compilation complete. Watching for file changes.
[0] 
[0] 
[1] [90m17.08.28 14:56:34[0m [36m304[0m [35mGET[0m [90m/index.html[0m
[1] [90m17.08.28 14:56:34[0m [36m304[0m [35mGET[0m [90m/assets/my-theme.css[0m
[1] [90m17.08.28 14:56:34[0m [36m304[0m [35mGET[0m [90m/assets/styles.css[0m
[1] [90m17.08.28 14:56:34[0m [36m304[0m [35mGET[0m [90m/angular2-busy/build/style/busy.css[0m
[1] [90m17.08.28 14:56:34[0m [36m304[0m [35mGET[0m [90m/chart.js/dist/Chart.bundle.js[0m
[1] [90m17.08.28 14:56:34[0m [36m304[0m [35mGET[0m [90m/zone.js/dist/zone.js[0m
[1] [90m17.08.28 14:56:34[0m [36m304[0m [35mGET[0m [90m/systemjs.config.js[0m
[1] [90m17.08.28 14:56:34[0m [36m304[0m [35mGET[0m [90m/core-js/client/shim.min.js[0m
[1] [90m17.08.28 14:56:34[0m [36m304[0m [35mGET[0m [90m/systemjs/dist/system.src.js[0m
[1] [90m17.08.28 14:56:35[0m [32m200[0m [35mGET[0m [90m/main.js[0m
[1] [90m17.08.28 14:56:35[0m [36m304[0m [35mGET[0m [90m/@angular/platform-browser-dynamic/bundles/platform-browser-dynamic.umd.js[0m
[1] [90m17.08.28 14:56:35[0m [36m304[0m [35mGET[0m [90m/systemjs-angular-loader.js[0m
[1] [90m17.08.28 14:56:35[0m [32m200[0m [35mGET[0m [90m/app/app.module.js[0m
[1] [90m17.08.28 14:56:35[0m [36m304[0m [35mGET[0m [90m/@angular/compiler/bundles/compiler.umd.js[0m
[1] [90m17.08.28 14:56:35[0m [36m304[0m [35mGET[0m [90m/@angular/core/bundles/core.umd.js[0m
[1] [90m17.08.28 14:56:35[0m [36m304[0m [35mGET[0m [90m/@angular/common/bundles/common.umd.js[0m
[1] [90m17.08.28 14:56:35[0m [36m304[0m [35mGET[0m [90m/@angular/platform-browser/bundles/platform-browser.umd.js[0m
[1] [90m17.08.28 14:56:35[0m [36m304[0m [35mGET[0m [90m/@angular/platform-browser/bundles/platform-browser-animations.umd.js[0m
[1] [90m17.08.28 14:56:35[0m [36m304[0m [35mGET[0m [90m/@angular/http/bundles/http.umd.js[0m
[1] [90m17.08.28 14:56:35[0m [36m304[0m [35mGET[0m [90m/@angular/material/bundles/material.umd.js[0m
[1] [90m17.08.28 14:56:35[0m [36m304[0m [35mGET[0m [90m/hammerjs/hammer.js[0m
[1] [90m17.08.28 14:56:35[0m [36m304[0m [35mGET[0m [90m/@angular/forms/bundles/forms.umd.js[0m
[1] [90m17.08.28 14:56:35[0m [32m200[0m [35mGET[0m [90m/app/app.component.js[0m
[1] [90m17.08.28 14:56:35[0m [32m200[0m [35mGET[0m [90m/app/kml-generator/kml-generator.module.js[0m
[1] [90m17.08.28 14:56:35[0m [32m200[0m [35mGET[0m [90m/app/graphs-page/graphs-page.module.js[0m
[1] [90m17.08.28 14:56:35[0m [32m200[0m [35mGET[0m [90m/app/sensors-page/sensors-page.module.js[0m
[1] [90m17.08.28 14:56:35[0m [32m200[0m [35mGET[0m [90m/app/sensor-detail/sensor-detail.module.js[0m
[1] [90m17.08.28 14:56:35[0m [32m200[0m [35mGET[0m [90m/app/demos-page/demos-page.module.js[0m
[1] [90m17.08.28 14:56:35[0m [32m200[0m [35mGET[0m [90m/app/app-routing.module.js[0m
[1] [90m17.08.28 14:56:35[0m [32m200[0m [35mGET[0m [90m/app/gallery-page/gallery-page.module.js[0m
[1] [90m17.08.28 14:56:35[0m [32m200[0m [35mGET[0m [90m/app/shared/shared.module.js[0m
[1] [90m17.08.28 14:56:36[0m [36m304[0m [35mGET[0m [90m/rxjs/Observable.js[0m
[1] [90m17.08.28 14:56:36[0m [36m304[0m [35mGET[0m [90m/rxjs/observable/merge.js[0m
[1] [90m17.08.28 14:56:36[0m [36m304[0m [35mGET[0m [90m/rxjs/operator/share.js[0m
[1] [90m17.08.28 14:56:36[0m [36m304[0m [35mGET[0m [90m/rxjs/Subject.js[0m
[1] [90m17.08.28 14:56:36[0m [36m304[0m [35mGET[0m [90m/@angular/animations/bundles/animations-browser.umd.js[0m
[1] [90m17.08.28 14:56:36[0m [36m304[0m [35mGET[0m [90m/@angular/animations/bundles/animations.umd.min.js[0m
[1] [90m17.08.28 14:56:36[0m [36m304[0m [35mGET[0m [90m/@angular/cdk/bundles/cdk.umd.js[0m
[1] [90m17.08.28 14:56:36[0m [36m304[0m [35mGET[0m [90m/@angular/router/bundles/router.umd.js[0m
[1] [90m17.08.28 14:56:36[0m [36m304[0m [35mGET[0m [90m/rxjs/observable/forkJoin.js[0m
[1] [90m17.08.28 14:56:36[0m [36m304[0m [35mGET[0m [90m/rxjs/observable/fromPromise.js[0m
[1] [90m17.08.28 14:56:36[0m [36m304[0m [35mGET[0m [90m/rxjs/operator/map.js[0m
[1] [90m17.08.28 14:56:36[0m [36m304[0m [35mGET[0m [90m/rxjs/Subscription.js[0m
[1] [90m17.08.28 14:56:36[0m [36m304[0m [35mGET[0m [90m/rxjs/observable/fromEvent.js[0m
[1] [90m17.08.28 14:56:36[0m [36m304[0m [35mGET[0m [90m/rxjs/observable/of.js[0m
[1] [90m17.08.28 14:56:36[0m [36m304[0m [35mGET[0m [90m/rxjs/observable/throw.js[0m
[1] [90m17.08.28 14:56:36[0m [36m304[0m [35mGET[0m [90m/angular2-busy/index.js[0m
[1] [90m17.08.28 14:56:36[0m [32m200[0m [35mGET[0m [90m/app/shared/services/sidenav.service.js[0m
[1] [90m17.08.28 14:56:36[0m [32m200[0m [35mGET[0m [90m/app/kml-generator/kml-generator.component.js[0m
[1] [90m17.08.28 14:56:36[0m [32m200[0m [35mGET[0m [90m/app/kml-generator/kml-generator.routing.module.js[0m
[1] [90m17.08.28 14:56:36[0m [32m200[0m [35mGET[0m [90m/app/kml-generator/image-importer/image-importer.component.js[0m
[1] [90m17.08.28 14:56:36[0m [32m200[0m [35mGET[0m [90m/app/kml-generator/dialog/dialog.module.js[0m
[1] [90m17.08.28 14:56:36[0m [32m200[0m [35mGET[0m [90m/app/graphs-page/graphs-page.routing.module.js[0m
[1] [90m17.08.28 14:56:36[0m [32m200[0m [35mGET[0m [90m/app/sensors-page/sensors-page.routing.module.js[0m
[1] [90m17.08.28 14:56:36[0m [32m200[0m [35mGET[0m [90m/app/kml-generator/google-map/google-map.module.js[0m
[1] [90m17.08.28 14:56:36[0m [32m200[0m [35mGET[0m [90m/app/graphs-page/graphs-page.component.js[0m
[1] [90m17.08.28 14:56:36[0m [32m200[0m [35mGET[0m [90m/app/sensor-detail/sensor-detail.routing.module.js[0m
[1] [90m17.08.28 14:56:36[0m [32m200[0m [35mGET[0m [90m/app/demos-page/demos-page.component.js[0m
[1] [90m17.08.28 14:56:36[0m [32m200[0m [35mGET[0m [90m/app/demos-page/demos-page.routing.module.js[0m
[1] [90m17.08.28 14:56:36[0m [32m200[0m [35mGET[0m [90m/app/sensors-page/sensors-page.component.js[0m
[1] [90m17.08.28 14:56:36[0m [32m200[0m [35mGET[0m [90m/app/sensor-detail/sensor-detail.component.js[0m
[1] [90m17.08.28 14:56:36[0m [32m200[0m [35mGET[0m [90m/app/gallery-page/dialog-image-upload/dialog-image-upload.module.js[0m
[1] [90m17.08.28 14:56:36[0m [32m200[0m [35mGET[0m [90m/app/gallery-page/gallery-page.component.js[0m
[1] [90m17.08.28 14:56:36[0m [32m200[0m [35mGET[0m [90m/app/shared/layout/sidenav/sidenav.module.js[0m
[1] [90m17.08.28 14:56:36[0m [32m200[0m [35mGET[0m [90m/app/shared/layout/toolbar/toolbar.module.js[0m
[1] [90m17.08.28 14:56:36[0m [32m200[0m [35mGET[0m [90m/app/gallery-page/modal-viewer/modal-viewer.component.js[0m
[1] [90m17.08.28 14:56:36[0m [32m200[0m [35mGET[0m [90m/app/gallery-page/gallery-page.routing.module.js[0m
[1] [90m17.08.28 14:56:36[0m [32m200[0m [35mGET[0m [90m/app/shared/layout/my-footer/my-footer.module.js[0m
[1] [90m17.08.28 14:56:36[0m [32m200[0m [35mGET[0m [90m/app/shared/bar-chart/bar-chart.module.js[0m
[1] [90m17.08.28 14:56:36[0m [32m200[0m [35mGET[0m [90m/app/shared/layout/toolbar/toolbar.component.js[0m
[1] [90m17.08.28 14:56:36[0m [32m200[0m [35mGET[0m [90m/app/shared/layout/my-footer/my-footer.component.js[0m
[1] [90m17.08.28 14:56:36[0m [32m200[0m [35mGET[0m [90m/app/shared/layout/sidenav/sidenav.component.js[0m
[1] [90m17.08.28 14:56:36[0m [32m200[0m [35mGET[0m [90m/app/shared/bar-chart/bar-chart.component.js[0m
[1] [90m17.08.28 14:56:36[0m [32m200[0m [35mGET[0m [90m/app/shared/services/image.service.js[0m
[1] [90m17.08.28 14:56:36[0m [32m200[0m [35mGET[0m [90m/app/shared/services/demo.service.js[0m
[1] [90m17.08.28 14:56:36[0m [36m304[0m [35mGET[0m [90m/rxjs/util/root.js[0m
[1] [90m17.08.28 14:56:36[0m [36m304[0m [35mGET[0m [90m/rxjs/util/toSubscriber.js[0m
[1] [90m17.08.28 14:56:36[0m [36m304[0m [35mGET[0m [90m/rxjs/Subscriber.js[0m
[1] [90m17.08.28 14:56:36[0m [36m304[0m [35mGET[0m [90m/rxjs/util/ObjectUnsubscribedError.js[0m
[1] [90m17.08.28 14:56:36[0m [36m304[0m [35mGET[0m [90m/rxjs/operator/merge.js[0m
[1] [90m17.08.28 14:56:36[0m [32m200[0m [35mGET[0m [90m/app/shared/services/sensor.service.js[0m
[1] [90m17.08.28 14:56:36[0m [36m304[0m [35mGET[0m [90m/rxjs/symbol/observable.js[0m
[1] [90m17.08.28 14:56:36[0m [36m304[0m [35mGET[0m [90m/rxjs/symbol/rxSubscriber.js[0m
[1] [90m17.08.28 14:56:36[0m [36m304[0m [35mGET[0m [90m/rxjs/SubjectSubscription.js[0m
[1] [90m17.08.28 14:56:36[0m [36m304[0m [35mGET[0m [90m/rxjs/operator/multicast.js[0m
[1] [90m17.08.28 14:56:36[0m [36m304[0m [35mGET[0m [90m/rxjs/observable/ForkJoinObservable.js[0m
[1] [90m17.08.28 14:56:36[0m [36m304[0m [35mGET[0m [90m/rxjs/observable/PromiseObservable.js[0m
[1] [90m17.08.28 14:56:36[0m [36m304[0m [35mGET[0m [90m/rxjs/operator/finally.js[0m
[1] [90m17.08.28 14:56:36[0m [36m304[0m [35mGET[0m [90m/rxjs/operator/catch.js[0m
[1] [90m17.08.28 14:56:36[0m [36m304[0m [35mGET[0m [90m/rxjs/operator/do.js[0m
[1] [90m17.08.28 14:56:36[0m [36m304[0m [35mGET[0m [90m/rxjs/operator/filter.js[0m
[1] [90m17.08.28 14:56:36[0m [36m304[0m [35mGET[0m [90m/rxjs/operator/switchMap.js[0m
[1] [90m17.08.28 14:56:36[0m [36m304[0m [35mGET[0m [90m/rxjs/operator/startWith.js[0m
[1] [90m17.08.28 14:56:36[0m [36m304[0m [35mGET[0m [90m/rxjs/operator/debounceTime.js[0m
[1] [90m17.08.28 14:56:36[0m [36m304[0m [35mGET[0m [90m/rxjs/operator/first.js[0m
[1] [90m17.08.28 14:56:36[0m [36m304[0m [35mGET[0m [90m/rxjs/operator/takeUntil.js[0m
[1] [90m17.08.28 14:56:36[0m [36m304[0m [35mGET[0m [90m/rxjs/util/isArray.js[0m
[1] [90m17.08.28 14:56:36[0m [36m304[0m [35mGET[0m [90m/rxjs/util/isObject.js[0m
[1] [90m17.08.28 14:56:36[0m [36m304[0m [35mGET[0m [90m/rxjs/util/isFunction.js[0m
[1] [90m17.08.28 14:56:36[0m [36m304[0m [35mGET[0m [90m/rxjs/util/tryCatch.js[0m
[1] [90m17.08.28 14:56:36[0m [36m304[0m [35mGET[0m [90m/rxjs/util/errorObject.js[0m
[1] [90m17.08.28 14:56:36[0m [36m304[0m [35mGET[0m [90m/rxjs/util/UnsubscriptionError.js[0m
[1] [90m17.08.28 14:56:36[0m [36m304[0m [35mGET[0m [90m/rxjs/operator/auditTime.js[0m
[1] [90m17.08.28 14:56:36[0m [36m304[0m [35mGET[0m [90m/rxjs/observable/FromEventObservable.js[0m
[1] [90m17.08.28 14:56:36[0m [36m304[0m [35mGET[0m [90m/rxjs/observable/ArrayObservable.js[0m
[1] [90m17.08.28 14:56:36[0m [36m304[0m [35mGET[0m [90m/rxjs/BehaviorSubject.js[0m
[1] [90m17.08.28 14:56:36[0m [36m304[0m [35mGET[0m [90m/rxjs/observable/ErrorObservable.js[0m
[1] [90m17.08.28 14:56:36[0m [36m304[0m [35mGET[0m [90m/rxjs/observable/from.js[0m
[1] [90m17.08.28 14:56:36[0m [36m304[0m [35mGET[0m [90m/rxjs/operator/concatMap.js[0m
[1] [90m17.08.28 14:56:36[0m [36m304[0m [35mGET[0m [90m/rxjs/operator/every.js[0m
[1] [90m17.08.28 14:56:36[0m [36m304[0m [35mGET[0m [90m/rxjs/operator/last.js[0m
[1] [90m17.08.28 14:56:36[0m [36m304[0m [35mGET[0m [90m/rxjs/operator/mergeMap.js[0m
[1] [90m17.08.28 14:56:36[0m [36m304[0m [35mGET[0m [90m/rxjs/operator/reduce.js[0m
[1] [90m17.08.28 14:56:36[0m [36m304[0m [35mGET[0m [90m/rxjs/operator/concatAll.js[0m
[1] [90m17.08.28 14:56:36[0m [36m304[0m [35mGET[0m [90m/rxjs/util/EmptyError.js[0m
[1] [90m17.08.28 14:56:36[0m [36m304[0m [35mGET[0m [90m/rxjs/operator/mergeAll.js[0m
[1] [90m17.08.28 14:56:36[0m [36m304[0m [35mGET[0m [90m/@agm/core/core.umd.js[0m
[1] [90m17.08.28 14:56:36[0m [36m304[0m [35mGET[0m [90m/angular2-busy/build/index.js[0m
[1] [90m17.08.28 14:56:36[0m [36m304[0m [35mGET[0m [90m/rxjs/Rx.js[0m
[1] [90m17.08.28 14:56:36[0m [36m304[0m [35mGET[0m [90m/socket.io-client/dist/socket.io.js[0m
[1] [90m17.08.28 14:56:36[0m [32m200[0m [35mGET[0m [90m/app/kml-generator/dialog/dialog.component.js[0m
[1] [90m17.08.28 14:56:36[0m [32m200[0m [35mGET[0m [90m/app/kml-generator/google-map/google-map.component.js[0m
[1] [90m17.08.28 14:56:36[0m [36m304[0m [35mGET[0m [90m/rxjs/add/operator/switchMap.js[0m
[1] [90m17.08.28 14:56:36[0m [32m200[0m [35mGET[0m [90m/app/shared/models/sensor.js[0m
[1] [90m17.08.28 14:56:36[0m [32m200[0m [35mGET[0m [90m/app/gallery-page/dialog-image-upload/dialog-image-upload.component.js[0m
[1] [90m17.08.28 14:56:36[0m [36m304[0m [35mGET[0m [90m/rxjs/add/operator/map.js[0m
[1] [90m17.08.28 14:56:36[0m [36m304[0m [35mGET[0m [90m/rxjs/add/operator/catch.js[0m
[1] [90m17.08.28 14:56:36[0m [32m200[0m [35mGET[0m [90m/app/shared/environments/config.js[0m
[1] [90m17.08.28 14:56:36[0m [36m304[0m [35mGET[0m [90m/rxjs/Observer.js[0m
[1] [90m17.08.28 14:56:36[0m [36m304[0m [35mGET[0m [90m/rxjs/util/isScheduler.js[0m
[1] [90m17.08.28 14:56:37[0m [36m304[0m [35mGET[0m [90m/ng2-charts/ng2-charts.js[0m
[1] [90m17.08.28 14:56:37[0m [36m304[0m [35mGET[0m [90m/rxjs/observable/ConnectableObservable.js[0m
[1] [90m17.08.28 14:56:37[0m [36m304[0m [35mGET[0m [90m/rxjs/observable/EmptyObservable.js[0m
[1] [90m17.08.28 14:56:37[0m [36m304[0m [35mGET[0m [90m/rxjs/util/subscribeToResult.js[0m
[1] [90m17.08.28 14:56:37[0m [36m304[0m [35mGET[0m [90m/rxjs/OuterSubscriber.js[0m
[1] [90m17.08.28 14:56:37[0m [36m304[0m [35mGET[0m [90m/rxjs/observable/ScalarObservable.js[0m
[1] [90m17.08.28 14:56:37[0m [36m304[0m [35mGET[0m [90m/rxjs/operator/concat.js[0m
[1] [90m17.08.28 14:56:37[0m [36m304[0m [35mGET[0m [90m/rxjs/scheduler/async.js[0m
[1] [90m17.08.28 14:56:37[0m [36m304[0m [35mGET[0m [90m/rxjs/observable/FromObservable.js[0m
[1] [90m17.08.28 14:56:37[0m [36m304[0m [35mGET[0m [90m/angular2-busy/build/busy.module.js[0m
[1] [90m17.08.28 14:56:37[0m [36m304[0m [35mGET[0m [90m/angular2-busy/build/busy.directive.js[0m
[1] [90m17.08.28 14:56:37[0m [36m304[0m [35mGET[0m [90m/angular2-busy/build/busy.service.js[0m
[1] [90m17.08.28 14:56:37[0m [36m304[0m [35mGET[0m [90m/angular2-busy/build/busy-config.js[0m
[1] [90m17.08.28 14:56:37[0m [36m304[0m [35mGET[0m [90m/rxjs/add/observable/bindCallback.js[0m
[1] [90m17.08.28 14:56:37[0m [36m304[0m [35mGET[0m [90m/rxjs/add/observable/bindNodeCallback.js[0m
[1] [90m17.08.28 14:56:37[0m [36m304[0m [35mGET[0m [90m/rxjs/add/observable/combineLatest.js[0m
[1] [90m17.08.28 14:56:37[0m [36m304[0m [35mGET[0m [90m/rxjs/add/observable/concat.js[0m
[1] [90m17.08.28 14:56:37[0m [36m304[0m [35mGET[0m [90m/rxjs/add/observable/defer.js[0m
[1] [90m17.08.28 14:56:37[0m [36m304[0m [35mGET[0m [90m/rxjs/add/observable/empty.js[0m
[1] [90m17.08.28 14:56:37[0m [36m304[0m [35mGET[0m [90m/rxjs/add/observable/forkJoin.js[0m
[1] [90m17.08.28 14:56:37[0m [36m304[0m [35mGET[0m [90m/rxjs/add/observable/from.js[0m
[1] [90m17.08.28 14:56:37[0m [36m304[0m [35mGET[0m [90m/rxjs/add/observable/fromEvent.js[0m
[1] [90m17.08.28 14:56:37[0m [36m304[0m [35mGET[0m [90m/rxjs/add/observable/fromEventPattern.js[0m
[1] [90m17.08.28 14:56:37[0m [36m304[0m [35mGET[0m [90m/rxjs/add/observable/fromPromise.js[0m
[1] [90m17.08.28 14:56:37[0m [36m304[0m [35mGET[0m [90m/rxjs/add/observable/generate.js[0m
[1] [90m17.08.28 14:56:37[0m [36m304[0m [35mGET[0m [90m/rxjs/add/observable/if.js[0m
[1] [90m17.08.28 14:56:37[0m [36m304[0m [35mGET[0m [90m/rxjs/add/observable/interval.js[0m
[1] [90m17.08.28 14:56:37[0m [36m304[0m [35mGET[0m [90m/rxjs/add/observable/merge.js[0m
[1] [90m17.08.28 14:56:37[0m [36m304[0m [35mGET[0m [90m/rxjs/add/observable/never.js[0m
[1] [90m17.08.28 14:56:37[0m [36m304[0m [35mGET[0m [90m/rxjs/add/observable/of.js[0m
[1] [90m17.08.28 14:56:37[0m [36m304[0m [35mGET[0m [90m/rxjs/add/observable/pairs.js[0m
[1] [90m17.08.28 14:56:37[0m [36m304[0m [35mGET[0m [90m/rxjs/add/observable/onErrorResumeNext.js[0m
[1] [90m17.08.28 14:56:37[0m [36m304[0m [35mGET[0m [90m/rxjs/add/observable/range.js[0m
[1] [90m17.08.28 14:56:37[0m [36m304[0m [35mGET[0m [90m/rxjs/add/observable/throw.js[0m
[1] [90m17.08.28 14:56:37[0m [36m304[0m [35mGET[0m [90m/rxjs/add/observable/timer.js[0m
[1] [90m17.08.28 14:56:37[0m [36m304[0m [35mGET[0m [90m/rxjs/add/observable/zip.js[0m
[1] [90m17.08.28 14:56:37[0m [36m304[0m [35mGET[0m [90m/rxjs/add/observable/dom/ajax.js[0m
[1] [90m17.08.28 14:56:37[0m [36m304[0m [35mGET[0m [90m/rxjs/add/observable/dom/webSocket.js[0m
[1] [90m17.08.28 14:56:37[0m [36m304[0m [35mGET[0m [90m/rxjs/add/observable/using.js[0m
[1] [90m17.08.28 14:56:37[0m [36m304[0m [35mGET[0m [90m/rxjs/add/operator/buffer.js[0m
[1] [90m17.08.28 14:56:37[0m [36m304[0m [35mGET[0m [90m/rxjs/add/observable/race.js[0m
[1] [90m17.08.28 14:56:37[0m [36m304[0m [35mGET[0m [90m/rxjs/add/operator/bufferCount.js[0m
[1] [90m17.08.28 14:56:37[0m [36m304[0m [35mGET[0m [90m/rxjs/add/operator/bufferTime.js[0m
[1] [90m17.08.28 14:56:37[0m [36m304[0m [35mGET[0m [90m/rxjs/add/operator/bufferToggle.js[0m
[1] [90m17.08.28 14:56:37[0m [36m304[0m [35mGET[0m [90m/rxjs/add/operator/bufferWhen.js[0m
[1] [90m17.08.28 14:56:37[0m [36m304[0m [35mGET[0m [90m/rxjs/add/operator/combineAll.js[0m
[1] [90m17.08.28 14:56:37[0m [36m304[0m [35mGET[0m [90m/rxjs/add/operator/combineLatest.js[0m
[1] [90m17.08.28 14:56:37[0m [36m304[0m [35mGET[0m [90m/rxjs/add/operator/concat.js[0m
[1] [90m17.08.28 14:56:37[0m [36m304[0m [35mGET[0m [90m/rxjs/add/operator/concatAll.js[0m
[1] [90m17.08.28 14:56:37[0m [36m304[0m [35mGET[0m [90m/rxjs/add/operator/concatMap.js[0m
[1] [90m17.08.28 14:56:37[0m [36m304[0m [35mGET[0m [90m/rxjs/add/operator/concatMapTo.js[0m
[1] [90m17.08.28 14:56:37[0m [36m304[0m [35mGET[0m [90m/rxjs/add/operator/count.js[0m
[1] [90m17.08.28 14:56:37[0m [36m304[0m [35mGET[0m [90m/rxjs/add/operator/debounce.js[0m
[1] [90m17.08.28 14:56:37[0m [36m304[0m [35mGET[0m [90m/rxjs/add/operator/debounceTime.js[0m
[1] [90m17.08.28 14:56:37[0m [36m304[0m [35mGET[0m [90m/rxjs/add/operator/dematerialize.js[0m
[1] [90m17.08.28 14:56:37[0m [36m304[0m [35mGET[0m [90m/rxjs/add/operator/delay.js[0m
[1] [90m17.08.28 14:56:37[0m [36m304[0m [35mGET[0m [90m/rxjs/add/operator/delayWhen.js[0m
[1] [90m17.08.28 14:56:37[0m [36m304[0m [35mGET[0m [90m/rxjs/add/operator/defaultIfEmpty.js[0m
[1] [90m17.08.28 14:56:37[0m [36m304[0m [35mGET[0m [90m/rxjs/add/operator/distinctUntilKeyChanged.js[0m
[1] [90m17.08.28 14:56:37[0m [36m304[0m [35mGET[0m [90m/rxjs/add/operator/distinctUntilChanged.js[0m
[1] [90m17.08.28 14:56:37[0m [36m304[0m [35mGET[0m [90m/rxjs/add/operator/do.js[0m
[1] [90m17.08.28 14:56:37[0m [36m304[0m [35mGET[0m [90m/rxjs/add/operator/exhaust.js[0m
[1] [90m17.08.28 14:56:37[0m [36m304[0m [35mGET[0m [90m/rxjs/add/operator/exhaustMap.js[0m
[1] [90m17.08.28 14:56:37[0m [36m304[0m [35mGET[0m [90m/rxjs/add/operator/expand.js[0m
[1] [90m17.08.28 14:56:37[0m [36m304[0m [35mGET[0m [90m/rxjs/add/operator/distinct.js[0m
[1] [90m17.08.28 14:56:37[0m [36m304[0m [35mGET[0m [90m/rxjs/add/operator/elementAt.js[0m
[1] [90m17.08.28 14:56:37[0m [36m304[0m [35mGET[0m [90m/rxjs/add/operator/find.js[0m
[1] [90m17.08.28 14:56:37[0m [36m304[0m [35mGET[0m [90m/rxjs/add/operator/finally.js[0m
[1] [90m17.08.28 14:56:37[0m [36m304[0m [35mGET[0m [90m/rxjs/add/operator/first.js[0m
[1] [90m17.08.28 14:56:37[0m [36m304[0m [35mGET[0m [90m/rxjs/add/operator/findIndex.js[0m
[1] [90m17.08.28 14:56:37[0m [36m304[0m [35mGET[0m [90m/rxjs/add/operator/filter.js[0m
[1] [90m17.08.28 14:56:37[0m [36m304[0m [35mGET[0m [90m/rxjs/add/operator/groupBy.js[0m
[1] [90m17.08.28 14:56:37[0m [36m304[0m [35mGET[0m [90m/rxjs/add/operator/ignoreElements.js[0m
[1] [90m17.08.28 14:56:37[0m [36m304[0m [35mGET[0m [90m/rxjs/add/operator/auditTime.js[0m
[1] [90m17.08.28 14:56:37[0m [36m304[0m [35mGET[0m [90m/rxjs/add/operator/audit.js[0m
[1] [90m17.08.28 14:56:37[0m [36m304[0m [35mGET[0m [90m/rxjs/add/operator/isEmpty.js[0m
[1] [90m17.08.28 14:56:37[0m [36m304[0m [35mGET[0m [90m/rxjs/add/operator/let.js[0m
[1] [90m17.08.28 14:56:37[0m [36m304[0m [35mGET[0m [90m/rxjs/add/operator/last.js[0m
[1] [90m17.08.28 14:56:37[0m [36m304[0m [35mGET[0m [90m/rxjs/add/operator/every.js[0m
[1] [90m17.08.28 14:56:37[0m [36m304[0m [35mGET[0m [90m/rxjs/add/operator/mapTo.js[0m
[1] [90m17.08.28 14:56:37[0m [36m304[0m [35mGET[0m [90m/rxjs/add/operator/materialize.js[0m
[1] [90m17.08.28 14:56:37[0m [36m304[0m [35mGET[0m [90m/rxjs/add/operator/max.js[0m
[1] [90m17.08.28 14:56:37[0m [36m304[0m [35mGET[0m [90m/rxjs/add/operator/mergeAll.js[0m
[1] [90m17.08.28 14:56:37[0m [36m304[0m [35mGET[0m [90m/rxjs/add/operator/mergeMap.js[0m
[1] [90m17.08.28 14:56:37[0m [36m304[0m [35mGET[0m [90m/rxjs/add/operator/mergeMapTo.js[0m
[1] [90m17.08.28 14:56:37[0m [36m304[0m [35mGET[0m [90m/rxjs/add/operator/mergeScan.js[0m
[1] [90m17.08.28 14:56:37[0m [36m304[0m [35mGET[0m [90m/rxjs/add/operator/min.js[0m
[1] [90m17.08.28 14:56:37[0m [36m304[0m [35mGET[0m [90m/rxjs/add/operator/merge.js[0m
[1] [90m17.08.28 14:56:37[0m [36m304[0m [35mGET[0m [90m/rxjs/add/operator/observeOn.js[0m
[1] [90m17.08.28 14:56:37[0m [36m304[0m [35mGET[0m [90m/rxjs/add/operator/onErrorResumeNext.js[0m
[1] [90m17.08.28 14:56:37[0m [36m304[0m [35mGET[0m [90m/rxjs/add/operator/pairwise.js[0m
[1] [90m17.08.28 14:56:37[0m [36m304[0m [35mGET[0m [90m/rxjs/add/operator/multicast.js[0m
[1] [90m17.08.28 14:56:37[0m [36m304[0m [35mGET[0m [90m/rxjs/add/operator/partition.js[0m
[1] [90m17.08.28 14:56:37[0m [36m304[0m [35mGET[0m [90m/rxjs/add/operator/publish.js[0m
[1] [90m17.08.28 14:56:37[0m [36m304[0m [35mGET[0m [90m/rxjs/add/operator/publishBehavior.js[0m
[1] [90m17.08.28 14:56:37[0m [36m304[0m [35mGET[0m [90m/rxjs/add/operator/publishReplay.js[0m
[1] [90m17.08.28 14:56:37[0m [36m304[0m [35mGET[0m [90m/rxjs/add/operator/publishLast.js[0m
[1] [90m17.08.28 14:56:37[0m [36m304[0m [35mGET[0m [90m/rxjs/add/operator/race.js[0m
[1] [90m17.08.28 14:56:37[0m [36m304[0m [35mGET[0m [90m/rxjs/add/operator/pluck.js[0m
[1] [90m17.08.28 14:56:37[0m [36m304[0m [35mGET[0m [90m/rxjs/add/operator/reduce.js[0m
[1] [90m17.08.28 14:56:37[0m [36m304[0m [35mGET[0m [90m/rxjs/add/operator/repeat.js[0m
[1] [90m17.08.28 14:56:37[0m [36m304[0m [35mGET[0m [90m/rxjs/add/operator/retry.js[0m
[1] [90m17.08.28 14:56:37[0m [36m304[0m [35mGET[0m [90m/rxjs/add/operator/retryWhen.js[0m
[1] [90m17.08.28 14:56:37[0m [36m304[0m [35mGET[0m [90m/rxjs/add/operator/sample.js[0m
[1] [90m17.08.28 14:56:37[0m [36m304[0m [35mGET[0m [90m/rxjs/add/operator/sampleTime.js[0m
[1] [90m17.08.28 14:56:37[0m [36m304[0m [35mGET[0m [90m/rxjs/add/operator/repeatWhen.js[0m
[1] [90m17.08.28 14:56:37[0m [36m304[0m [35mGET[0m [90m/rxjs/add/operator/sequenceEqual.js[0m
[1] [90m17.08.28 14:56:37[0m [36m304[0m [35mGET[0m [90m/rxjs/add/operator/share.js[0m
[1] [90m17.08.28 14:56:37[0m [36m304[0m [35mGET[0m [90m/rxjs/add/operator/shareReplay.js[0m
[1] [90m17.08.28 14:56:37[0m [36m304[0m [35mGET[0m [90m/rxjs/add/operator/scan.js[0m
[1] [90m17.08.28 14:56:37[0m [36m304[0m [35mGET[0m [90m/rxjs/add/operator/skip.js[0m
[1] [90m17.08.28 14:56:37[0m [36m304[0m [35mGET[0m [90m/rxjs/add/operator/single.js[0m
[1] [90m17.08.28 14:56:37[0m [36m304[0m [35mGET[0m [90m/rxjs/add/operator/skipLast.js[0m
[1] [90m17.08.28 14:56:37[0m [36m304[0m [35mGET[0m [90m/rxjs/add/operator/skipUntil.js[0m
[1] [90m17.08.28 14:56:37[0m [36m304[0m [35mGET[0m [90m/rxjs/add/operator/startWith.js[0m
[1] [90m17.08.28 14:56:37[0m [36m304[0m [35mGET[0m [90m/rxjs/add/operator/subscribeOn.js[0m
[1] [90m17.08.28 14:56:37[0m [36m304[0m [35mGET[0m [90m/rxjs/add/operator/switch.js[0m
[1] [90m17.08.28 14:56:37[0m [36m304[0m [35mGET[0m [90m/rxjs/add/operator/switchMapTo.js[0m
[1] [90m17.08.28 14:56:37[0m [36m304[0m [35mGET[0m [90m/rxjs/add/operator/take.js[0m
[1] [90m17.08.28 14:56:37[0m [36m304[0m [35mGET[0m [90m/rxjs/add/operator/takeLast.js[0m
[1] [90m17.08.28 14:56:37[0m [36m304[0m [35mGET[0m [90m/rxjs/add/operator/takeWhile.js[0m
[1] [90m17.08.28 14:56:37[0m [36m304[0m [35mGET[0m [90m/rxjs/add/operator/skipWhile.js[0m
[1] [90m17.08.28 14:56:37[0m [36m304[0m [35mGET[0m [90m/rxjs/add/operator/throttleTime.js[0m
[1] [90m17.08.28 14:56:37[0m [36m304[0m [35mGET[0m [90m/rxjs/add/operator/timeInterval.js[0m
[1] [90m17.08.28 14:56:37[0m [36m304[0m [35mGET[0m [90m/rxjs/add/operator/timeout.js[0m
[1] [90m17.08.28 14:56:37[0m [36m304[0m [35mGET[0m [90m/rxjs/add/operator/takeUntil.js[0m
[1] [90m17.08.28 14:56:37[0m [36m304[0m [35mGET[0m [90m/rxjs/add/operator/timestamp.js[0m
[1] [90m17.08.28 14:56:37[0m [36m304[0m [35mGET[0m [90m/rxjs/add/operator/throttle.js[0m
[1] [90m17.08.28 14:56:37[0m [36m304[0m [35mGET[0m [90m/rxjs/add/operator/toArray.js[0m
[1] [90m17.08.28 14:56:37[0m [36m304[0m [35mGET[0m [90m/rxjs/add/operator/toPromise.js[0m
[1] [90m17.08.28 14:56:37[0m [36m304[0m [35mGET[0m [90m/rxjs/add/operator/timeoutWith.js[0m
[1] [90m17.08.28 14:56:37[0m [36m304[0m [35mGET[0m [90m/rxjs/add/operator/window.js[0m
[1] [90m17.08.28 14:56:37[0m [36m304[0m [35mGET[0m [90m/rxjs/add/operator/windowCount.js[0m
[1] [90m17.08.28 14:56:37[0m [36m304[0m [35mGET[0m [90m/rxjs/add/operator/windowToggle.js[0m
[1] [90m17.08.28 14:56:37[0m [36m304[0m [35mGET[0m [90m/rxjs/add/operator/windowWhen.js[0m
[1] [90m17.08.28 14:56:37[0m [36m304[0m [35mGET[0m [90m/rxjs/add/operator/withLatestFrom.js[0m
[1] [90m17.08.28 14:56:37[0m [36m304[0m [35mGET[0m [90m/rxjs/add/operator/zip.js[0m
[1] [90m17.08.28 14:56:37[0m [36m304[0m [35mGET[0m [90m/rxjs/add/operator/windowTime.js[0m
[1] [90m17.08.28 14:56:37[0m [36m304[0m [35mGET[0m [90m/rxjs/AsyncSubject.js[0m
[1] [90m17.08.28 14:56:37[0m [36m304[0m [35mGET[0m [90m/rxjs/Notification.js[0m
[1] [90m17.08.28 14:56:37[0m [36m304[0m [35mGET[0m [90m/rxjs/util/ArgumentOutOfRangeError.js[0m
[1] [90m17.08.28 14:56:37[0m [36m304[0m [35mGET[0m [90m/rxjs/ReplaySubject.js[0m
[1] [90m17.08.28 14:56:37[0m [36m304[0m [35mGET[0m [90m/rxjs/add/operator/zipAll.js[0m
[1] [90m17.08.28 14:56:37[0m [36m304[0m [35mGET[0m [90m/rxjs/operator/timeInterval.js[0m
[1] [90m17.08.28 14:56:37[0m [36m304[0m [35mGET[0m [90m/rxjs/util/TimeoutError.js[0m
[1] [90m17.08.28 14:56:37[0m [36m304[0m [35mGET[0m [90m/rxjs/operator/timestamp.js[0m
[1] [90m17.08.28 14:56:37[0m [36m304[0m [35mGET[0m [90m/rxjs/testing/TestScheduler.js[0m
[1] [90m17.08.28 14:56:37[0m [36m304[0m [35mGET[0m [90m/rxjs/scheduler/asap.js[0m
[1] [90m17.08.28 14:56:37[0m [36m304[0m [35mGET[0m [90m/rxjs/scheduler/queue.js[0m
[1] [90m17.08.28 14:56:37[0m [36m304[0m [35mGET[0m [90m/rxjs/scheduler/VirtualTimeScheduler.js[0m
[1] [90m17.08.28 14:56:37[0m [36m304[0m [35mGET[0m [90m/rxjs/scheduler/animationFrame.js[0m
[1] [90m17.08.28 14:56:37[0m [36m304[0m [35mGET[0m [90m/rxjs/observable/dom/AjaxObservable.js[0m
[1] [90m17.08.28 14:56:37[0m [36m304[0m [35mGET[0m [90m/rxjs/symbol/iterator.js[0m
[1] [90m17.08.28 14:56:37[0m [36m304[0m [35mGET[0m [90m/ng2-charts/index.js[0m
[1] [90m17.08.28 14:56:37[0m [36m304[0m [35mGET[0m [90m/rxjs/util/isArrayLike.js[0m
[1] [90m17.08.28 14:56:37[0m [36m304[0m [35mGET[0m [90m/rxjs/util/isPromise.js[0m
[1] [90m17.08.28 14:56:37[0m [36m304[0m [35mGET[0m [90m/rxjs/scheduler/AsyncAction.js[0m
[1] [90m17.08.28 14:56:37[0m [36m304[0m [35mGET[0m [90m/rxjs/scheduler/AsyncScheduler.js[0m
[1] [90m17.08.28 14:56:37[0m [36m304[0m [35mGET[0m [90m/rxjs/observable/IteratorObservable.js[0m
[1] [90m17.08.28 14:56:37[0m [36m304[0m [35mGET[0m [90m/rxjs/operator/observeOn.js[0m
[1] [90m17.08.28 14:56:37[0m [36m304[0m [35mGET[0m [90m/rxjs/InnerSubscriber.js[0m
[1] [90m17.08.28 14:56:37[0m [36m304[0m [35mGET[0m [90m/rxjs/observable/ArrayLikeObservable.js[0m
[1] [90m17.08.28 14:56:37[0m [36m304[0m [35mGET[0m [90m/angular2-busy/build/busy-backdrop.component.js[0m
[1] [90m17.08.28 14:56:37[0m [36m304[0m [35mGET[0m [90m/angular2-busy/build/util.js[0m
[1] [90m17.08.28 14:56:37[0m [36m304[0m [35mGET[0m [90m/angular2-busy/build/promise-tracker.service.js[0m
[1] [90m17.08.28 14:56:37[0m [36m304[0m [35mGET[0m [90m/angular2-busy/build/busy.component.js[0m
[1] [90m17.08.28 14:56:37[0m [36m304[0m [35mGET[0m [90m/rxjs/observable/bindCallback.js[0m
[1] [90m17.08.28 14:56:37[0m [36m304[0m [35mGET[0m [90m/rxjs/observable/bindNodeCallback.js[0m
[1] [90m17.08.28 14:56:37[0m [36m304[0m [35mGET[0m [90m/rxjs/observable/combineLatest.js[0m
[1] [90m17.08.28 14:56:37[0m [36m304[0m [35mGET[0m [90m/rxjs/observable/concat.js[0m
[1] [90m17.08.28 14:56:37[0m [36m304[0m [35mGET[0m [90m/rxjs/observable/defer.js[0m
[1] [90m17.08.28 14:56:37[0m [36m304[0m [35mGET[0m [90m/rxjs/observable/empty.js[0m
[1] [90m17.08.28 14:56:37[0m [36m304[0m [35mGET[0m [90m/rxjs/observable/fromEventPattern.js[0m
[1] [90m17.08.28 14:56:37[0m [36m304[0m [35mGET[0m [90m/rxjs/observable/GenerateObservable.js[0m
[1] [90m17.08.28 14:56:37[0m [36m304[0m [35mGET[0m [90m/rxjs/observable/if.js[0m
[1] [90m17.08.28 14:56:38[0m [36m304[0m [35mGET[0m [90m/rxjs/observable/interval.js[0m
[1] [90m17.08.28 14:56:38[0m [36m304[0m [35mGET[0m [90m/rxjs/operator/race.js[0m
[1] [90m17.08.28 14:56:38[0m [36m304[0m [35mGET[0m [90m/rxjs/observable/never.js[0m
[1] [90m17.08.28 14:56:38[0m [36m304[0m [35mGET[0m [90m/rxjs/operator/onErrorResumeNext.js[0m
[1] [90m17.08.28 14:56:38[0m [36m304[0m [35mGET[0m [90m/rxjs/observable/pairs.js[0m
[1] [90m17.08.28 14:56:38[0m [36m304[0m [35mGET[0m [90m/rxjs/observable/range.js[0m
[1] [90m17.08.28 14:56:38[0m [36m304[0m [35mGET[0m [90m/rxjs/observable/using.js[0m
[1] [90m17.08.28 14:56:38[0m [36m304[0m [35mGET[0m [90m/rxjs/observable/timer.js[0m
[1] [90m17.08.28 14:56:38[0m [36m304[0m [35mGET[0m [90m/rxjs/observable/zip.js[0m
[1] [90m17.08.28 14:56:38[0m [36m304[0m [35mGET[0m [90m/rxjs/observable/dom/ajax.js[0m
[1] [90m17.08.28 14:56:38[0m [36m304[0m [35mGET[0m [90m/rxjs/observable/dom/webSocket.js[0m
[1] [90m17.08.28 14:56:38[0m [36m304[0m [35mGET[0m [90m/rxjs/operator/buffer.js[0m
[1] [90m17.08.28 14:56:38[0m [36m304[0m [35mGET[0m [90m/rxjs/operator/bufferCount.js[0m
[1] [90m17.08.28 14:56:38[0m [36m304[0m [35mGET[0m [90m/rxjs/operator/bufferTime.js[0m
[1] [90m17.08.28 14:56:38[0m [36m304[0m [35mGET[0m [90m/rxjs/operator/bufferToggle.js[0m
[1] [90m17.08.28 14:56:38[0m [36m304[0m [35mGET[0m [90m/rxjs/operator/bufferWhen.js[0m
[1] [90m17.08.28 14:56:38[0m [36m304[0m [35mGET[0m [90m/rxjs/operator/combineAll.js[0m
[1] [90m17.08.28 14:56:38[0m [36m304[0m [35mGET[0m [90m/rxjs/operator/combineLatest.js[0m
[1] [90m17.08.28 14:56:38[0m [36m304[0m [35mGET[0m [90m/rxjs/operator/concatMapTo.js[0m
[1] [90m17.08.28 14:56:38[0m [36m304[0m [35mGET[0m [90m/rxjs/operator/count.js[0m
[1] [90m17.08.28 14:56:38[0m [36m304[0m [35mGET[0m [90m/rxjs/operator/dematerialize.js[0m
[1] [90m17.08.28 14:56:38[0m [36m304[0m [35mGET[0m [90m/rxjs/operator/debounce.js[0m
[1] [90m17.08.28 14:56:38[0m [36m304[0m [35mGET[0m [90m/rxjs/operator/defaultIfEmpty.js[0m
[1] [90m17.08.28 14:56:38[0m [36m304[0m [35mGET[0m [90m/rxjs/operator/delay.js[0m
[1] [90m17.08.28 14:56:38[0m [36m304[0m [35mGET[0m [90m/rxjs/operator/delayWhen.js[0m
[1] [90m17.08.28 14:56:38[0m [36m304[0m [35mGET[0m [90m/rxjs/operator/distinct.js[0m
[1] [90m17.08.28 14:56:38[0m [36m304[0m [35mGET[0m [90m/rxjs/operator/distinctUntilChanged.js[0m
[1] [90m17.08.28 14:56:38[0m [36m304[0m [35mGET[0m [90m/rxjs/operator/distinctUntilKeyChanged.js[0m
[1] [90m17.08.28 14:56:38[0m [36m304[0m [35mGET[0m [90m/rxjs/operator/exhaust.js[0m
[1] [90m17.08.28 14:56:38[0m [36m304[0m [35mGET[0m [90m/rxjs/operator/exhaustMap.js[0m
[1] [90m17.08.28 14:56:38[0m [36m304[0m [35mGET[0m [90m/rxjs/operator/expand.js[0m
[1] [90m17.08.28 14:56:38[0m [36m304[0m [35mGET[0m [90m/rxjs/operator/elementAt.js[0m
[1] [90m17.08.28 14:56:38[0m [36m304[0m [35mGET[0m [90m/rxjs/operator/find.js[0m
[1] [90m17.08.28 14:56:38[0m [36m304[0m [35mGET[0m [90m/rxjs/operator/findIndex.js[0m
[1] [90m17.08.28 14:56:38[0m [36m304[0m [35mGET[0m [90m/rxjs/operator/groupBy.js[0m
[1] [90m17.08.28 14:56:38[0m [36m304[0m [35mGET[0m [90m/rxjs/operator/ignoreElements.js[0m
[1] [90m17.08.28 14:56:38[0m [36m304[0m [35mGET[0m [90m/rxjs/operator/isEmpty.js[0m
[1] [90m17.08.28 14:56:38[0m [36m304[0m [35mGET[0m [90m/rxjs/operator/audit.js[0m
[1] [90m17.08.28 14:56:38[0m [36m304[0m [35mGET[0m [90m/rxjs/operator/let.js[0m
[1] [90m17.08.28 14:56:38[0m [36m304[0m [35mGET[0m [90m/rxjs/operator/mapTo.js[0m
[1] [90m17.08.28 14:56:38[0m [36m304[0m [35mGET[0m [90m/rxjs/operator/materialize.js[0m
[1] [90m17.08.28 14:56:38[0m [36m304[0m [35mGET[0m [90m/rxjs/operator/max.js[0m
[1] [90m17.08.28 14:56:38[0m [36m304[0m [35mGET[0m [90m/rxjs/operator/mergeMapTo.js[0m
[1] [90m17.08.28 14:56:38[0m [36m304[0m [35mGET[0m [90m/rxjs/operator/mergeScan.js[0m
[1] [90m17.08.28 14:56:38[0m [36m304[0m [35mGET[0m [90m/rxjs/operator/min.js[0m
[1] [90m17.08.28 14:56:38[0m [36m304[0m [35mGET[0m [90m/rxjs/operator/pairwise.js[0m
[1] [90m17.08.28 14:56:38[0m [36m304[0m [35mGET[0m [90m/rxjs/operator/partition.js[0m
[1] [90m17.08.28 14:56:38[0m [36m304[0m [35mGET[0m [90m/rxjs/operator/pluck.js[0m
[1] [90m17.08.28 14:56:38[0m [36m304[0m [35mGET[0m [90m/rxjs/operator/publish.js[0m
[1] [90m17.08.28 14:56:38[0m [36m304[0m [35mGET[0m [90m/rxjs/operator/publishBehavior.js[0m
[1] [90m17.08.28 14:56:38[0m [36m304[0m [35mGET[0m [90m/rxjs/operator/publishReplay.js[0m
[1] [90m17.08.28 14:56:38[0m [36m304[0m [35mGET[0m [90m/rxjs/operator/publishLast.js[0m
[1] [90m17.08.28 14:56:38[0m [36m304[0m [35mGET[0m [90m/rxjs/operator/repeat.js[0m
[1] [90m17.08.28 14:56:38[0m [36m304[0m [35mGET[0m [90m/rxjs/operator/repeatWhen.js[0m
[1] [90m17.08.28 14:56:38[0m [36m304[0m [35mGET[0m [90m/rxjs/operator/retry.js[0m
[1] [90m17.08.28 14:56:38[0m [36m304[0m [35mGET[0m [90m/rxjs/operator/retryWhen.js[0m
[1] [90m17.08.28 14:56:38[0m [36m304[0m [35mGET[0m [90m/rxjs/operator/sample.js[0m
[1] [90m17.08.28 14:56:38[0m [36m304[0m [35mGET[0m [90m/rxjs/operator/sampleTime.js[0m
[1] [90m17.08.28 14:56:38[0m [36m304[0m [35mGET[0m [90m/rxjs/operator/scan.js[0m
[1] [90m17.08.28 14:56:38[0m [36m304[0m [35mGET[0m [90m/rxjs/operator/sequenceEqual.js[0m
[1] [90m17.08.28 14:56:38[0m [36m304[0m [35mGET[0m [90m/rxjs/operator/shareReplay.js[0m
[1] [90m17.08.28 14:56:38[0m [36m304[0m [35mGET[0m [90m/rxjs/operator/single.js[0m
[1] [90m17.08.28 14:56:38[0m [36m304[0m [35mGET[0m [90m/rxjs/operator/skip.js[0m
[1] [90m17.08.28 14:56:38[0m [36m304[0m [35mGET[0m [90m/rxjs/operator/skipLast.js[0m
[1] [90m17.08.28 14:56:38[0m [36m304[0m [35mGET[0m [90m/rxjs/operator/skipUntil.js[0m
[1] [90m17.08.28 14:56:38[0m [36m304[0m [35mGET[0m [90m/rxjs/operator/skipWhile.js[0m
[1] [90m17.08.28 14:56:38[0m [36m304[0m [35mGET[0m [90m/rxjs/operator/subscribeOn.js[0m
[1] [90m17.08.28 14:56:38[0m [36m304[0m [35mGET[0m [90m/rxjs/operator/switch.js[0m
[1] [90m17.08.28 14:56:38[0m [36m304[0m [35mGET[0m [90m/rxjs/operator/switchMapTo.js[0m
[1] [90m17.08.28 14:56:38[0m [36m304[0m [35mGET[0m [90m/rxjs/operator/take.js[0m
[1] [90m17.08.28 14:56:38[0m [36m304[0m [35mGET[0m [90m/rxjs/operator/takeLast.js[0m
[1] [90m17.08.28 14:56:38[0m [36m304[0m [35mGET[0m [90m/rxjs/operator/takeWhile.js[0m
[1] [90m17.08.28 14:56:38[0m [36m304[0m [35mGET[0m [90m/rxjs/operator/throttle.js[0m
[1] [90m17.08.28 14:56:38[0m [36m304[0m [35mGET[0m [90m/rxjs/operator/throttleTime.js[0m
[1] [90m17.08.28 14:56:38[0m [36m304[0m [35mGET[0m [90m/rxjs/operator/timeout.js[0m
[1] [90m17.08.28 14:56:38[0m [36m304[0m [35mGET[0m [90m/rxjs/operator/timeoutWith.js[0m
[1] [90m17.08.28 14:56:38[0m [36m304[0m [35mGET[0m [90m/rxjs/operator/toArray.js[0m
[1] [90m17.08.28 14:56:38[0m [36m304[0m [35mGET[0m [90m/rxjs/operator/toPromise.js[0m
[1] [90m17.08.28 14:56:38[0m [36m304[0m [35mGET[0m [90m/rxjs/operator/window.js[0m
[1] [90m17.08.28 14:56:38[0m [36m304[0m [35mGET[0m [90m/rxjs/operator/windowCount.js[0m
[1] [90m17.08.28 14:56:38[0m [36m304[0m [35mGET[0m [90m/rxjs/operator/windowTime.js[0m
[1] [90m17.08.28 14:56:38[0m [36m304[0m [35mGET[0m [90m/rxjs/operator/windowToggle.js[0m
[1] [90m17.08.28 14:56:38[0m [36m304[0m [35mGET[0m [90m/rxjs/operator/windowWhen.js[0m
[1] [90m17.08.28 14:56:38[0m [36m304[0m [35mGET[0m [90m/rxjs/operator/withLatestFrom.js[0m
[1] [90m17.08.28 14:56:38[0m [36m304[0m [35mGET[0m [90m/rxjs/operator/zip.js[0m
[1] [90m17.08.28 14:56:38[0m [36m304[0m [35mGET[0m [90m/rxjs/operator/zipAll.js[0m
[1] [90m17.08.28 14:56:38[0m [36m304[0m [35mGET[0m [90m/rxjs/testing/ColdObservable.js[0m
[1] [90m17.08.28 14:56:38[0m [36m304[0m [35mGET[0m [90m/rxjs/testing/HotObservable.js[0m
[1] [90m17.08.28 14:56:38[0m [36m304[0m [35mGET[0m [90m/rxjs/testing/SubscriptionLog.js[0m
[1] [90m17.08.28 14:56:38[0m [36m304[0m [35mGET[0m [90m/rxjs/scheduler/AsapAction.js[0m
[1] [90m17.08.28 14:56:38[0m [36m304[0m [35mGET[0m [90m/rxjs/scheduler/AsapScheduler.js[0m
[1] [90m17.08.28 14:56:38[0m [36m304[0m [35mGET[0m [90m/rxjs/scheduler/QueueAction.js[0m
[1] [90m17.08.28 14:56:38[0m [36m304[0m [35mGET[0m [90m/rxjs/scheduler/QueueScheduler.js[0m
[1] [90m17.08.28 14:56:38[0m [36m304[0m [35mGET[0m [90m/rxjs/scheduler/AnimationFrameAction.js[0m
[1] [90m17.08.28 14:56:38[0m [36m304[0m [35mGET[0m [90m/rxjs/scheduler/AnimationFrameScheduler.js[0m
[1] [90m17.08.28 14:56:38[0m [36m304[0m [35mGET[0m [90m/ng2-charts/charts/charts.js[0m
[1] [90m17.08.28 14:56:38[0m [36m304[0m [35mGET[0m [90m/rxjs/scheduler/Action.js[0m
[1] [90m17.08.28 14:56:38[0m [36m304[0m [35mGET[0m [90m/rxjs/Scheduler.js[0m
[1] [90m17.08.28 14:56:38[0m [36m304[0m [35mGET[0m [90m/rxjs/observable/BoundCallbackObservable.js[0m
[1] [90m17.08.28 14:56:38[0m [36m304[0m [35mGET[0m [90m/rxjs/observable/BoundNodeCallbackObservable.js[0m
[1] [90m17.08.28 14:56:38[0m [36m304[0m [35mGET[0m [90m/rxjs/observable/DeferObservable.js[0m
[1] [90m17.08.28 14:56:38[0m [36m304[0m [35mGET[0m [90m/rxjs/observable/FromEventPatternObservable.js[0m
[1] [90m17.08.28 14:56:38[0m [36m304[0m [35mGET[0m [90m/rxjs/observable/IfObservable.js[0m
[1] [90m17.08.28 14:56:38[0m [36m304[0m [35mGET[0m [90m/rxjs/observable/IntervalObservable.js[0m
[1] [90m17.08.28 14:56:38[0m [36m304[0m [35mGET[0m [90m/rxjs/observable/NeverObservable.js[0m
[1] [90m17.08.28 14:56:38[0m [36m304[0m [35mGET[0m [90m/rxjs/observable/PairsObservable.js[0m
[1] [90m17.08.28 14:56:38[0m [36m304[0m [35mGET[0m [90m/rxjs/observable/RangeObservable.js[0m
[1] [90m17.08.28 14:56:38[0m [36m304[0m [35mGET[0m [90m/rxjs/observable/UsingObservable.js[0m
[1] [90m17.08.28 14:56:38[0m [36m304[0m [35mGET[0m [90m/rxjs/observable/TimerObservable.js[0m
[1] [90m17.08.28 14:56:38[0m [36m304[0m [35mGET[0m [90m/rxjs/observable/dom/WebSocketSubject.js[0m
[1] [90m17.08.28 14:56:38[0m [36m304[0m [35mGET[0m [90m/rxjs/util/isDate.js[0m
[1] [90m17.08.28 14:56:38[0m [36m304[0m [35mGET[0m [90m/rxjs/util/Set.js[0m
[1] [90m17.08.28 14:56:38[0m [36m304[0m [35mGET[0m [90m/rxjs/util/Map.js[0m
[1] [90m17.08.28 14:56:38[0m [36m304[0m [35mGET[0m [90m/rxjs/util/FastMap.js[0m
[1] [90m17.08.28 14:56:38[0m [36m304[0m [35mGET[0m [90m/rxjs/util/noop.js[0m
[1] [90m17.08.28 14:56:38[0m [36m304[0m [35mGET[0m [90m/rxjs/util/not.js[0m
[1] [90m17.08.28 14:56:38[0m [36m304[0m [35mGET[0m [90m/rxjs/observable/SubscribeOnObservable.js[0m
[1] [90m17.08.28 14:56:38[0m [36m304[0m [35mGET[0m [90m/rxjs/util/isNumeric.js[0m
[1] [90m17.08.28 14:56:38[0m [36m304[0m [35mGET[0m [90m/rxjs/testing/SubscriptionLoggable.js[0m
[1] [90m17.08.28 14:56:38[0m [36m304[0m [35mGET[0m [90m/rxjs/util/applyMixins.js[0m
[1] [90m17.08.28 14:56:38[0m [36m304[0m [35mGET[0m [90m/rxjs/util/Immediate.js[0m
[1] [90m17.08.28 14:56:38[0m [36m304[0m [35mGET[0m [90m/rxjs/util/AnimationFrame.js[0m
[1] [90m17.08.28 14:56:38[0m [36m304[0m [35mGET[0m [90m/chart.js/dist/Chart.bundle.js[0m
[1] [90m17.08.28 14:56:38[0m [36m304[0m [35mGET[0m [90m/rxjs/util/assign.js[0m
[1] [90m17.08.28 14:56:38[0m [36m304[0m [35mGET[0m [90m/rxjs/util/MapPolyfill.js[0m
[1] [90m17.08.28 14:56:39[0m [36m304[0m [35mGET[0m [90m/app/shared/layout/sidenav/sidenav.component.html[0m
[1] [90m17.08.28 14:56:39[0m [36m304[0m [35mGET[0m [90m/app/shared/layout/toolbar/toolbar.component.html[0m
[1] [90m17.08.28 14:56:39[0m [36m304[0m [35mGET[0m [90m/app/shared/layout/my-footer/my-footer.component.html[0m
[1] [90m17.08.28 14:56:39[0m [36m304[0m [35mGET[0m [90m/app/shared/bar-chart/bar-chart.component.html[0m
[1] [90m17.08.28 14:56:39[0m [36m304[0m [35mGET[0m [90m/app/kml-generator/dialog/dialog.component.html[0m
[1] [90m17.08.28 14:56:39[0m [36m304[0m [35mGET[0m [90m/app/kml-generator/google-map/google-map.component.html[0m
[1] [90m17.08.28 14:56:39[0m [36m304[0m [35mGET[0m [90m/app/kml-generator/kml-generator.component.html[0m
[1] [90m17.08.28 14:56:39[0m [36m304[0m [35mGET[0m [90m/app/kml-generator/image-importer/image-importer.component.html[0m
[1] [90m17.08.28 14:56:39[0m [36m304[0m [35mGET[0m [90m/app/graphs-page/graphs-page.component.html[0m
[1] [90m17.08.28 14:56:39[0m [36m304[0m [35mGET[0m [90m/app/sensors-page/sensors-page.component.html[0m
[1] [90m17.08.28 14:56:39[0m [36m304[0m [35mGET[0m [90m/app/sensor-detail/sensor-detail.component.html[0m
[1] [90m17.08.28 14:56:39[0m [36m304[0m [35mGET[0m [90m/app/demos-page/demos-page.component.html[0m
[1] [90m17.08.28 14:56:39[0m [36m304[0m [35mGET[0m [90m/app/gallery-page/dialog-image-upload/dialog-image-upload.component.html[0m
[1] [90m17.08.28 14:56:39[0m [36m304[0m [35mGET[0m [90m/app/gallery-page/gallery-page.component.html[0m
[1] [90m17.08.28 14:56:39[0m [36m304[0m [35mGET[0m [90m/app/gallery-page/modal-viewer/modal-viewer.component.html[0m
[1] [90m17.08.28 14:56:39[0m [36m304[0m [35mGET[0m [90m/app/app.component.html[0m
[1] [90m17.08.28 14:56:39[0m [36m304[0m [35mGET[0m [90m/app/shared/layout/sidenav/sidenav.component.css[0m
[1] [90m17.08.28 14:56:39[0m [36m304[0m [35mGET[0m [90m/app/shared/layout/toolbar/toolbar-style.css[0m
[1] [90m17.08.28 14:56:39[0m [36m304[0m [35mGET[0m [90m/app/shared/layout/my-footer/my-footer.component.css[0m
[1] [90m17.08.28 14:56:39[0m [36m304[0m [35mGET[0m [90m/app/kml-generator/dialog/dialog.component.css[0m
[1] [90m17.08.28 14:56:39[0m [36m304[0m [35mGET[0m [90m/app/kml-generator/google-map/google-map.component.css[0m
[1] [90m17.08.28 14:56:39[0m [36m304[0m [35mGET[0m [90m/app/kml-generator/kml-generator.component.css[0m
[1] [90m17.08.28 14:56:39[0m [36m304[0m [35mGET[0m [90m/app/kml-generator/image-importer/image-importer.component.css[0m
[1] [90m17.08.28 14:56:39[0m [36m304[0m [35mGET[0m [90m/app/graphs-page/graphs-page.component.css[0m
[1] [90m17.08.28 14:56:39[0m [36m304[0m [35mGET[0m [90m/app/sensors-page/sensors-page.component.css[0m
[1] [90m17.08.28 14:56:40[0m [36m304[0m [35mGET[0m [90m/app/demos-page/demos-page.component.css[0m
[1] [90m17.08.28 14:56:40[0m [36m304[0m [35mGET[0m [90m/app/gallery-page/dialog-image-upload/dialog-image-upload.component.css[0m
[1] [90m17.08.28 14:56:40[0m [36m304[0m [35mGET[0m [90m/app/gallery-page/gallery-page.component.css[0m
[1] [90m17.08.28 14:56:40[0m [36m304[0m [35mGET[0m [90m/app/gallery-page/modal-viewer/modal-viewer.component.css[0m
[1] [90m17.08.28 14:56:40[0m [36m304[0m [35mGET[0m [90m/app/app.component.css[0m
[90mGET /fields [36m304 [90m47ms[0m
[90mGET /authors [36m304 [90m10ms[0m
[90mGET /fields [36m304 [90m9ms[0m
[1] [90m17.08.28 14:56:43[0m [36m304[0m [35mGET[0m [90m/assets/SAVT-icon.png[0m
[1] [90m17.08.28 14:56:43[0m [36m304[0m [35mGET[0m [90m/assets/github-10-48.png[0m
[90mGET /sensors/599d9524694b044ffbef23da [36m304 [90m27ms[0m
[90mGET /sensors/599d952d694b044ffbef23db [36m304 [90m34ms[0m
[90mGET /sensors/599d9535694b044ffbef23dc [36m304 [90m40ms[0m
[90mGET /sensors/599d955e694b044ffbef23e0 [36m304 [90m40ms[0m
[90mGET /sensors/599d9569694b044ffbef23e1 [36m304 [90m39ms[0m
[90mGET /sensors/599d956f694b044ffbef23e2 [36m304 [90m21ms[0m
[90mGET /sensors/599d9575694b044ffbef23e3 [36m304 [90m22ms[0m
2017-08-28T14:56:52.135+0200 I NETWORK  [thread1] connection accepted from 127.0.0.1:36614 #5 (5 connections now open)
[90mGET /sensors/599d957c694b044ffbef23e4 [36m304 [90m19ms[0m
[90mGET /sensors/599d9524694b044ffbef23da [36m304 [90m19ms[0m
[90mGET /sensors/599d952d694b044ffbef23db [36m304 [90m18ms[0m
[90mGET /sensors/599d9535694b044ffbef23dc [36m304 [90m17ms[0m
[90mGET /sensors/599d9569694b044ffbef23e1 [36m304 [90m19ms[0m
[90mGET /sensors/599d955e694b044ffbef23e0 [36m304 [90m10ms[0m
[90mGET /sensors/599d956f694b044ffbef23e2 [36m304 [90m3ms[0m
[90mGET /sensors/599d9575694b044ffbef23e3 [36m304 [90m3ms[0m
[90mGET /sensors/599d957c694b044ffbef23e4 [36m304 [90m4ms[0m
Json generator file saved correctly!
KML generated correctly!
KML sent correctly!
[1] [90m17.08.28 14:57:16[0m [36m304[0m [35mGET[0m [90m/favicon.ico[0m
KML sent correctly!
KML sent correctly!
KML sent correctly!
KML sent correctly!
[90mGET /authors [32m200 [90m10ms - 607b[0m
[90mGET /albums [32m200 [90m8ms - 705b[0m
[90mGET /overlays [32m200 [90m17ms - 2.56kb[0m
[1] Killed
[1] npm
[1]  ERR! code ELIFECYCLE
[1] npm 
[1] ERR! errno 137
[1] npm ERR!
[1]  savt-dashboard@1.0.0 serve: `lite-server -c=bs-config.json`
[1] npm ERR! Exit status 137
[1] npm ERR! 
[1] npm
[1]  ERR! Failed at the savt-dashboard@1.0.0 serve script.
[1] npm 
[1] ERR! This is probably not a problem with npm. There is likely additional logging output above.
[1] 
[1] npm ERR! A complete log of this run can be found in:
[1] npm 
[1] ERR!     /home/lg/.npm/_logs/2017-08-28T13_08_55_409Z-debug.log
[1] npm run serve exited with code 137
Killed
2017-08-28T15:08:55.456+0200 I CONTROL  [signalProcessingThread] got signal 15 (Terminated), will terminate after current cmd ends
2017-08-28T15:08:55.456+0200 I NETWORK  [signalProcessingThread] shutdown: going to close listening sockets...
2017-08-28T15:08:55.456+0200 I NETWORK  [signalProcessingThread] closing listening socket: 8
2017-08-28T15:08:55.456+0200 I NETWORK  [signalProcessingThread] closing listening socket: 9
2017-08-28T15:08:55.456+0200 I NETWORK  [signalProcessingThread] removing socket file: /tmp/mongodb-27017.sock
2017-08-28T15:08:55.456+0200 I NETWORK  [signalProcessingThread] shutdown: going to flush diaglog...
2017-08-28T15:08:55.456+0200 I FTDC     [signalProcessingThread] Shutting down full-time diagnostic data capture
npm ERR! code ELIFECYCLE
npm ERR! errno 137
npm ERR! kml-server@1.0.0 start: `node ./bin/www "10.160.67.204"`
npm ERR! Exit status 137
npm ERR! 
npm ERR! Failed at the kml-server@1.0.0 start script.
npm ERR! This is probably not a problem with npm. There is likely additional logging output above.
2017-08-28T15:08:55.459+0200 I STORAGE  [signalProcessingThread] WiredTigerKVEngine shutting down

npm ERR! A complete log of this run can be found in:
npm ERR!     /home/lg/.npm/_logs/2017-08-28T13_08_55_450Z-debug.log
2017-08-28T15:08:55.568+0200 I STORAGE  [signalProcessingThread] shutdown: removing fs lock...
2017-08-28T15:08:55.568+0200 I CONTROL  [signalProcessingThread] now exiting
2017-08-28T15:08:55.568+0200 I CONTROL  [signalProcessingThread] shutting down with code:0

events.js:182
      throw er; // Unhandled 'error' event
      ^
DisconnectedError: Ran out of retries trying to reconnect to "localhost:27017". Try setting `server.reconnectTries` and `server.reconnectInterval` to something higher.
    at DisconnectedError (/home/lg/Desktop/lglab/gsoc17/SmartAgroVisualizationTool/sensor-api/node_modules/mongoose/lib/error/disconnected.js:22:11)
    at Server.<anonymous> (/home/lg/Desktop/lglab/gsoc17/SmartAgroVisualizationTool/sensor-api/node_modules/mongoose/lib/drivers/node-mongodb-native/connection.js:64:31)
    at emitOne (events.js:120:20)
    at Server.emit (events.js:210:7)
    at Pool.<anonymous> (/home/lg/Desktop/lglab/gsoc17/SmartAgroVisualizationTool/sensor-api/node_modules/mongodb-core/lib/topologies/server.js:327:16)
    at emitOne (events.js:115:13)
    at Pool.emit (events.js:210:7)
    at Connection.<anonymous> (/home/lg/Desktop/lglab/gsoc17/SmartAgroVisualizationTool/sensor-api/node_modules/mongodb-core/lib/connection/pool.js:317:16)
    at emitTwo (events.js:125:13)
    at Connection.emit (events.js:213:7)
    at Socket.<anonymous> (/home/lg/Desktop/lglab/gsoc17/SmartAgroVisualizationTool/sensor-api/node_modules/mongodb-core/lib/connection/connection.js:187:49)
    at Object.onceWrapper (events.js:316:30)
    at emitOne (events.js:115:13)
    at Socket.emit (events.js:210:7)
    at emitErrorNT (internal/streams/destroy.js:64:8)
    at _combinedTickCallback (internal/process/next_tick.js:138:11)
    at process._tickCallback (internal/process/next_tick.js:180:9)
npm ERR! code ELIFECYCLE
npm ERR! errno 1
npm ERR! application-name@0.0.1 start: `node ./bin/www`
npm ERR! Exit status 1
npm ERR! 
npm ERR! Failed at the application-name@0.0.1 start script.
npm ERR! This is probably not a problem with npm. There is likely additional logging output above.

npm ERR! A complete log of this run can be found in:
npm ERR!     /home/lg/.npm/_logs/2017-08-28T13_09_25_698Z-debug.log
